<?xml version="1.0" encoding="UTF-8"?>
<testsuite xmlns:xsi="http://www.w3.org/2001/XMLSchema-instance" xsi:noNamespaceSchemaLocation="https://maven.apache.org/surefire/maven-surefire-plugin/xsd/surefire-test-report-3.0.xsd" version="3.0" name="examples.users.UsersRunner" time="9.111" tests="1" errors="0" skipped="0" failures="0">
  <properties>
[...]
</properties>
  <testcase name="[6:77] Verificar la busqueda de una mascota por su id" classname="examples/users/users" time="4.605">
    <system-out><![CDATA[17:19:20.704 [main] INFO  com.intuit.karate.Runner - using system property 'karate.options': --tags @TEST-6
17:19:21.167 [main] DEBUG com.intuit.karate.Suite - [config] classpath:karate-config.js
17:19:23.696 [main] INFO  com.intuit.karate - karate.env system property was: null 
17:19:23.841 [main] INFO  c.intuit.karate.core.FeatureRuntime - classpath:examples/users/users.feature - call by tag at line 9: crearMascota
17:19:23.867 [main] INFO  com.intuit.karate - [print] {
  "id": 1,
  "category": {
    "id": 1,
    "name": "nueva mascota 1"
  },
  "name": "nombre test",
  "photoUrls": [
    "www.example.url_mascota.com"
  ],
  "tags": [
    {
      "id": 1,
      "name": "tag test"
    }
  ],
  "status": "available"
}
 
17:19:24.537 [main] DEBUG com.intuit.karate - request:
1 > POST https://petstore.swagger.io/v2/pet
1 > Content-Type: application/json; charset=UTF-8
1 > Content-Length: 175
1 > Host: petstore.swagger.io
1 > Connection: Keep-Alive
1 > User-Agent: Apache-HttpClient/4.5.14 (Java/22.0.2)
1 > Accept-Encoding: gzip,deflate
{"id":1,"category":{"id":1,"name":"nueva mascota 1"},"name":"nombre test","photoUrls":["www.example.url_mascota.com"],"tags":[{"id":1,"name":"tag test"}],"status":"available"}

17:19:25.595 [main] DEBUG com.intuit.karate - response time in milliseconds: 1050
1 < 200
1 < Date: Sat, 21 Feb 2026 22:19:25 GMT
1 < Content-Type: application/json
1 < Transfer-Encoding: chunked
1 < Connection: keep-alive
1 < Access-Control-Allow-Origin: *
1 < Access-Control-Allow-Methods: GET, POST, DELETE, PUT
1 < Access-Control-Allow-Headers: Content-Type, api_key, Authorization
1 < Server: Jetty(9.2.9.v20150224)
{"id":1,"category":{"id":1,"name":"nueva mascota 1"},"name":"nombre test","photoUrls":["www.example.url_mascota.com"],"tags":[{"id":1,"name":"tag test"}],"status":"available"}

17:19:25.650 [main] INFO  com.intuit.karate - [print] {
  "id": 1,
  "category": {
    "id": 1,
    "name": "nueva mascota 1"
  },
  "name": "nombre test",
  "photoUrls": [
    "www.example.url_mascota.com"
  ],
  "tags": [
    {
      "id": 1,
      "name": "tag test"
    }
  ],
  "status": "available"
}
 
17:19:25.658 [main] INFO  com.intuit.karate - [print] 1 
17:19:25.692 [main] DEBUG com.intuit.karate - request:
1 > GET https://petstore.swagger.io/v2/pet/1
1 > Host: petstore.swagger.io
1 > Connection: Keep-Alive
1 > User-Agent: Apache-HttpClient/4.5.14 (Java/22.0.2)
1 > Accept-Encoding: gzip,deflate


17:19:26.033 [main] DEBUG com.intuit.karate - response time in milliseconds: 339
1 < 200
1 < Date: Sat, 21 Feb 2026 22:19:25 GMT
1 < Content-Type: application/json
1 < Transfer-Encoding: chunked
1 < Connection: keep-alive
1 < Access-Control-Allow-Origin: *
1 < Access-Control-Allow-Methods: GET, POST, DELETE, PUT
1 < Access-Control-Allow-Headers: Content-Type, api_key, Authorization
1 < Server: Jetty(9.2.9.v20150224)
{"id":1,"category":{"id":1,"name":"nueva mascota 1"},"name":"nombre test","photoUrls":["www.example.url_mascota.com"],"tags":[{"id":1,"name":"tag test"}],"status":"available"}

17:19:26.040 [main] INFO  com.intuit.karate - [print] {
  "id": 1,
  "category": {
    "id": 1,
    "name": "nueva mascota 1"
  },
  "name": "nombre test",
  "photoUrls": [
    "www.example.url_mascota.com"
  ],
  "tags": [
    {
      "id": 1,
      "name": "tag test"
    }
  ],
  "status": "available"
}
 
---------------------------------------------------------
feature: classpath:examples/users/users.feature
scenarios:  1 | passed:  1 | failed:  0 | time: 2.2840
---------------------------------------------------------

Karate version: 1.5.0
======================================================
elapsed:   7.12 | threads:    1 | thread time: 2.28 
features:     1 | skipped:    0 | efficiency: 0.32
scenarios:    1 | passed:     1 | failed: 0
======================================================

HTML report: (paste into browser to view) | Karate version: 1.5.0
file:///D:/escuela%20testing/myprojectBackendEscuelaTesting/target/karate-reports/karate-summary.html
===================================================================

]]></system-out>
  </testcase>
</testsuite>